============================================================
Time  2024/11/17 17:43:06 114 
============================================================
[2024/11/17 17:43:06 117] isr_1conn  2234 SYS_MSG_LOAD_CLOUD  
[2024/11/17 17:43:06 133] isr_1conn  2255 SYS_MSG_REGCB_CLOUD param0 =   msp_status_cb  param1 =  func(7406f460) 
[2024/11/17 17:43:06 155] isr_1conn  2255 SYS_MSG_REGCB_CLOUD param0 =   cloud_rslt_cb  param1 =  func(7406f570) 
[2024/11/17 17:43:06 173] isr_1conn  2255 SYS_MSG_REGCB_CLOUD param0 =   cloud_err_cb  param1 =  func(7406f650) 
[2024/11/17 17:43:06 200] isr_1conn  2255 SYS_MSG_REGCB_CLOUD param0 =   cloud_status_cb  param1 =  func(7406f730) 
[2024/11/17 17:43:06 245] isr_1conn  1411 onesoc  
[2024/11/17 17:43:06 255] isr_1conn  1412 ASR_CLOUD_MSG_SSB  
[2024/11/17 17:43:06 261] isr_1conn  1427 isr_1conn  cloud_cisr1PdHHBHOkc2KP7lcaa57PaxBw9+t+c  268436457  1573471853  
[2024/11/17 17:43:06 266] isr_1conn  1497 req_lgi_id =  nil  
[2024/11/17 17:43:06 273] isr_1conn  1498 not login!  
[2024/11/17 17:43:06 284] isr_1conn  1631 nil  
[2024/11/17 17:43:06 295] isr_1conn  1697 speex-wb  
[2024/11/17 17:43:06 306] isr_1conn  1785 net_once_bytes  nil  
[2024/11/17 17:43:06 314] isr_1conn  1790 need_encode  true  
[2024/11/17 17:43:06 319] isr_1conn  1792 once bytes  122  
[2024/11/17 17:43:06 347] isr_1conn  1816 User set url is   nil  
[2024/11/17 17:43:06 361] transport  645  paramkvsport is   nil  
[2024/11/17 17:43:06 362] transport  657  ns_enable=  1  
[2024/11/17 17:43:06 375] transport  659  2017-08--24 is_ns_need_close =   nil  
[2024/11/17 17:43:06 386] transport  665  net.nettype=  unknown  
[2024/11/17 17:43:06 400] transport  675  url.full=  nil  
[2024/11/17 17:43:06 413] transport  680  server_url_host=, server_url_port=, server_url_path=  open.xf-yun.com  nil  /msp.do  
[2024/11/17 17:43:06 422] transport  907  net type:  unknown  
[2024/11/17 17:43:06 444] transport  908  net operator:  def  
[2024/11/17 17:43:06 453] transport  909  use proxy:  false  
[2024/11/17 17:43:06 468] transport  1105 session.domain=  open.xf-yun.com  
[2024/11/17 17:43:06 476] transport  1106 url.host=  open.xf-yun.com  
[2024/11/17 17:43:06 488] network    90   ipfromenv ,  ipcache  open.xf-yun.com  def  nil  
[2024/11/17 17:43:06 503] transport  1179 try preferred port:  nil  
[2024/11/17 17:43:06 513] transport  1083 NAMESERVER START  
[2024/11/17 17:43:06 522] transport  1086 name =   iat  
[2024/11/17 17:43:06 537] ns         634  ntt=  unknown  
[2024/11/17 17:43:06 546] transport  1089 trans,ns_inprog =  0  
[2024/11/17 17:43:06 559] ns         582  name server start  
[2024/11/17 17:43:06 569] ns         588  ns_sub =   iat  
[2024/11/17 17:43:06 581] ns         596  ns_host =   open.xf-yun.com  
[2024/11/17 17:43:06 590] ns         475  ns_host=  open.xf-yun.com  
[2024/11/17 17:43:06 601] ns         555  net_type =  standard  
[2024/11/17 17:43:06 611] ns         556  cmwapascmnet =  
[2024/11/17 17:43:06 634] ns         557  uniwapasuninet =  
[2024/11/17 17:43:06 650] ns         558  ctwapasctnet =  
[2024/11/17 17:43:06 671] ns         576  host=  hdns.xf-yun.com  
[2024/11/17 17:43:06 680] network    263  gethostbyname  hdns.xf-yun.com  ns1  
[2024/11/17 17:43:06 731] isr_1conn  2060 ASR_CLOUD_MSG_SSE  
[2024/11/17 17:43:06 792] isr_1conn  1276 isr_1conn session info  
[2024/11/17 17:43:06 888] isr_1conn  2203 session finished! ret =   10131  
