============================================================
Time  2024/11/17 17:42:44 614 
============================================================
[2024/11/17 17:42:44 621] isr        1659 isr loaded!  
[2024/11/17 17:42:44 634] isr        1642 SYS_MSG_REGCB param0 =   msp_status_cb  param1 =   func(7402fb80) 
[2024/11/17 17:42:44 641] isr        1537 ASR_MSG_SSB  
[2024/11/17 17:42:44 648] isr        1066 session_begin() [in], params:   sub = iat, domain = iat, language = zh_cn, accent = mandarin, sample_rate = 16000, result_type = plain, result_encoding = utf8  nil  
[2024/11/17 17:42:44 653] isr        927  vad_set [in]  
[2024/11/17 17:42:44 657] isr        962  vad_enable :  true  
[2024/11/17 17:42:44 665] isr        980  vad_bos :  10000  
[2024/11/17 17:42:44 670] isr        981  vad_eos :  2000  
[2024/11/17 17:42:44 671] isr        886  enable_vad [in]  
[2024/11/17 17:42:44 695] isr        918  vad enabled!  2000  10000  
[2024/11/17 17:42:44 699] isr        921  enable_vad [out]  
[2024/11/17 17:42:44 701] isr        987  vad_set [out] | ret =  0  
[2024/11/17 17:42:44 707] isr        1187 cur_engine_type =   cloud  
[2024/11/17 17:42:44 710] isr        1001 cloud_session_begin  
[2024/11/17 17:42:44 712] isr        1013 unknown  
[2024/11/17 17:42:45 003] isr        1547 ASR_MSG_AUW,   cloud  
[2024/11/17 17:42:45 208] isr        1559 6400  1  
[2024/11/17 17:42:45 241] isr        1569 once_bytes:   6400  
[2024/11/17 17:42:45 422] isr        1547 ASR_MSG_AUW,   cloud  
[2024/11/17 17:42:45 440] isr        1559 6400  2  
[2024/11/17 17:42:45 503] isr        1547 ASR_MSG_AUW,   cloud  
[2024/11/17 17:42:45 530] isr        1559 6400  2  
[2024/11/17 17:42:45 602] isr        1547 ASR_MSG_AUW,   cloud  
[2024/11/17 17:42:45 632] isr        1559 6400  2  
[2024/11/17 17:42:45 763] isr        1547 ASR_MSG_AUW,   cloud  
[2024/11/17 17:42:45 826] isr        1559 6400  2  
[2024/11/17 17:42:45 904] isr        1547 ASR_MSG_AUW,   cloud  
[2024/11/17 17:42:45 935] isr        1559 6400  2  
[2024/11/17 17:42:46 009] isr        1547 ASR_MSG_AUW,   cloud  
[2024/11/17 17:42:46 086] isr        1559 6400  2  
[2024/11/17 17:42:46 142] isr        1547 ASR_MSG_AUW,   cloud  
[2024/11/17 17:42:46 190] isr        1559 6400  2  
[2024/11/17 17:42:46 285] isr        1547 ASR_MSG_AUW,   cloud  
[2024/11/17 17:42:46 313] isr        1559 6400  2  
[2024/11/17 17:42:46 358] isr        1547 ASR_MSG_AUW,   cloud  
[2024/11/17 17:42:46 413] isr        1559 6400  2  
[2024/11/17 17:42:46 574] isr        1547 ASR_MSG_AUW,   cloud  
[2024/11/17 17:42:46 594] isr        1559 6400  2  
[2024/11/17 17:42:46 659] isr        1547 ASR_MSG_AUW,   cloud  
[2024/11/17 17:42:46 680] isr        1559 6400  2  
[2024/11/17 17:42:46 729] isr        1547 ASR_MSG_AUW,   cloud  
[2024/11/17 17:42:46 775] isr        1559 6400  2  
[2024/11/17 17:42:46 845] isr        1547 ASR_MSG_AUW,   cloud  
[2024/11/17 17:42:46 871] isr        1559 6400  2  
[2024/11/17 17:42:46 913] isr        1547 ASR_MSG_AUW,   cloud  
[2024/11/17 17:42:46 938] isr        1559 6400  2  
[2024/11/17 17:42:46 982] isr        1547 ASR_MSG_AUW,   cloud  
[2024/11/17 17:42:47 036] isr        1559 6400  2  
[2024/11/17 17:42:47 173] isr        1547 ASR_MSG_AUW,   cloud  
[2024/11/17 17:42:47 198] isr        1559 6400  2  
[2024/11/17 17:42:47 265] isr        1547 ASR_MSG_AUW,   cloud  
[2024/11/17 17:42:47 288] isr        1559 6400  2  
[2024/11/17 17:42:47 354] isr        1547 ASR_MSG_AUW,   cloud  
[2024/11/17 17:42:47 414] isr        1559 6400  2  
[2024/11/17 17:42:47 505] isr        1547 ASR_MSG_AUW,   cloud  
[2024/11/17 17:42:47 599] isr        1559 6400  2  
[2024/11/17 17:42:47 689] isr        1547 ASR_MSG_AUW,   cloud  
[2024/11/17 17:42:47 711] isr        1559 6400  2  
[2024/11/17 17:42:47 820] isr        1547 ASR_MSG_AUW,   cloud  
[2024/11/17 17:42:47 872] isr        1559 6400  2  
[2024/11/17 17:42:47 946] isr        1547 ASR_MSG_AUW,   cloud  
[2024/11/17 17:42:47 985] isr        1559 7420  2  
[2024/11/17 17:42:48 065] isr        1547 ASR_MSG_AUW,   cloud  
[2024/11/17 17:42:48 097] isr        1559 0  4  
[2024/11/17 17:42:48 129] isr        1592 aud end, USER  
[2024/11/17 17:42:49 075] isr        851  [aud] speech start  
[2024/11/17 17:42:49 087] isr        798  1  msc  
[2024/11/17 17:42:49 536] isr        854  [aud] speech end  
[2024/11/17 17:42:49 581] isr        798  3  msc  
[2024/11/17 17:42:49 808] isr        1636 ASR_MSG_GRSLT,   cloud  
[2024/11/17 17:42:49 842] isr        1335 0  nil  2  
[2024/11/17 17:42:50 282] isr        1636 ASR_MSG_GRSLT,   cloud  
[2024/11/17 17:42:50 335] isr        1335 0  nil  2  
[2024/11/17 17:42:50 645] isr        1636 ASR_MSG_GRSLT,   cloud  
[2024/11/17 17:42:50 757] isr        1335 0  nil  2  
[2024/11/17 17:42:51 562] isr        1636 ASR_MSG_GRSLT,   cloud  
[2024/11/17 17:42:51 586] isr        1335 0  nil  2  
[2024/11/17 17:42:51 861] isr        1636 ASR_MSG_GRSLT,   cloud  
[2024/11/17 17:42:51 891] isr        1335 0  nil  2  
[2024/11/17 17:42:52 062] isr        707  cloud_status_cb, start local.  
[2024/11/17 17:42:52 107] isr        1636 ASR_MSG_GRSLT,   cloud  
[2024/11/17 17:42:52 127] isr        1335 0  nil  2  
[2024/11/17 17:42:52 279] isr        1636 ASR_MSG_GRSLT,   cloud  
[2024/11/17 17:42:52 299] isr        1335 0  nil  2  
[2024/11/17 17:42:52 520] isr        1636 ASR_MSG_GRSLT,   cloud  
[2024/11/17 17:42:52 545] isr        1335 0  nil  2  
[2024/11/17 17:42:52 760] isr        1636 ASR_MSG_GRSLT,   cloud  
[2024/11/17 17:42:52 796] isr        1335 0  nil  2  
[2024/11/17 17:42:52 955] isr        1636 ASR_MSG_GRSLT,   cloud  
[2024/11/17 17:42:53 015] isr        1335 0  nil  2  
[2024/11/17 17:42:53 263] isr        1636 ASR_MSG_GRSLT,   cloud  
[2024/11/17 17:42:53 275] isr        1335 0  nil  2  
[2024/11/17 17:42:54 223] isr        1636 ASR_MSG_GRSLT,   cloud  
[2024/11/17 17:42:54 252] isr        1335 0  nil  2  
[2024/11/17 17:42:54 410] isr        1636 ASR_MSG_GRSLT,   cloud  
[2024/11/17 17:42:54 419] isr        1335 0  nil  2  
[2024/11/17 17:42:54 600] isr        1636 ASR_MSG_GRSLT,   cloud  
[2024/11/17 17:42:54 603] isr        1335 0  nil  2  
[2024/11/17 17:42:54 795] isr        1636 ASR_MSG_GRSLT,   cloud  
[2024/11/17 17:42:54 805] isr        1335 0  nil  2  
[2024/11/17 17:42:54 939] isr        1636 ASR_MSG_GRSLT,   cloud  
[2024/11/17 17:42:54 948] isr        1335 0  nil  2  
[2024/11/17 17:42:54 957] isr        700  cloud_status_cb, eps:  3  
[2024/11/17 17:42:54 967] isr        798  3  cloud  
[2024/11/17 17:42:54 978] isr        800  already speech end  
[2024/11/17 17:42:55 009] isr        662  cloud_rslt_cb status =   5  
[2024/11/17 17:42:55 011] isr        641  process_result call:  cloud  udata(74035b98) 5  nil  
[2024/11/17 17:42:55 013] isr        798  3  msc  
[2024/11/17 17:42:55 014] isr        800  already speech end  
[2024/11/17 17:42:55 079] isr        1636 ASR_MSG_GRSLT,   cloud  
[2024/11/17 17:42:55 080] isr        1335 0  udata(74035b98) 5  
[2024/11/17 17:42:55 222] isr        1639 ASR_MSG_SSE,   cloud  
[2024/11/17 17:42:55 223] isr        1356 session_end() [in]  
[2024/11/17 17:42:55 224] isr        1421 cloud_session_end() [in]  
[2024/11/17 17:42:55 245] isr        1488 ns_host=  open.xf-yun.com  
[2024/11/17 17:42:55 265] isr        1514 cloud_session_end() [out]  
[2024/11/17 17:42:55 315] isr        1667 isr unload!  
============================================================
Time  2024/11/17 17:43:05 796 
============================================================
[2024/11/17 17:43:05 802] isr        1659 isr loaded!  
[2024/11/17 17:43:05 808] isr        1642 SYS_MSG_REGCB param0 =   msp_status_cb  param1 =   func(7002fb80) 
[2024/11/17 17:43:05 823] isr        1537 ASR_MSG_SSB  
[2024/11/17 17:43:05 828] isr        1066 session_begin() [in], params:   sub = iat, domain = iat, language = zh_cn, accent = mandarin, sample_rate = 16000, result_type = plain, result_encoding = utf8  nil  
[2024/11/17 17:43:05 831] isr        927  vad_set [in]  
[2024/11/17 17:43:05 836] isr        962  vad_enable :  true  
[2024/11/17 17:43:05 840] isr        980  vad_bos :  10000  
[2024/11/17 17:43:05 843] isr        981  vad_eos :  2000  
[2024/11/17 17:43:05 850] isr        886  enable_vad [in]  
[2024/11/17 17:43:05 887] isr        918  vad enabled!  2000  10000  
[2024/11/17 17:43:05 893] isr        921  enable_vad [out]  
[2024/11/17 17:43:05 897] isr        987  vad_set [out] | ret =  0  
[2024/11/17 17:43:05 899] isr        1187 cur_engine_type =   cloud  
[2024/11/17 17:43:05 902] isr        1001 cloud_session_begin  
[2024/11/17 17:43:05 908] isr        1013 unknown  
[2024/11/17 17:43:06 014] isr        1639 ASR_MSG_SSE,   cloud  
[2024/11/17 17:43:06 029] isr        1356 session_end() [in]  
[2024/11/17 17:43:06 058] isr        1421 cloud_session_end() [in]  
[2024/11/17 17:43:06 104] isr        1488 ns_host=  nil  
[2024/11/17 17:43:06 116] isr        1514 cloud_session_end() [out]  
[2024/11/17 17:43:06 179] isr        1667 isr unload!  
============================================================
Time  2024/11/17 17:46:41 471 
============================================================
[2024/11/17 17:46:41 473] isr        1659 isr loaded!  
[2024/11/17 17:46:41 483] isr        1642 SYS_MSG_REGCB param0 =   msp_status_cb  param1 =   func(bc02fb80) 
[2024/11/17 17:46:41 513] isr        1537 ASR_MSG_SSB  
[2024/11/17 17:46:41 517] isr        1066 session_begin() [in], params:   sub = iat, domain = iat, language = zh_cn, accent = mandarin, sample_rate = 16000, result_type = plain, result_encoding = utf8  nil  
[2024/11/17 17:46:41 519] isr        927  vad_set [in]  
[2024/11/17 17:46:41 527] isr        962  vad_enable :  true  
[2024/11/17 17:46:41 534] isr        980  vad_bos :  10000  
[2024/11/17 17:46:41 544] isr        981  vad_eos :  2000  
[2024/11/17 17:46:41 552] isr        886  enable_vad [in]  
[2024/11/17 17:46:41 595] isr        918  vad enabled!  2000  10000  
[2024/11/17 17:46:41 598] isr        921  enable_vad [out]  
[2024/11/17 17:46:41 604] isr        987  vad_set [out] | ret =  0  
[2024/11/17 17:46:41 611] isr        1187 cur_engine_type =   cloud  
[2024/11/17 17:46:41 618] isr        1001 cloud_session_begin  
[2024/11/17 17:46:41 618] isr        1013 unknown  
[2024/11/17 17:46:41 801] isr        1547 ASR_MSG_AUW,   cloud  
[2024/11/17 17:46:41 893] isr        1559 6400  1  
[2024/11/17 17:46:41 899] isr        1569 once_bytes:   6400  
[2024/11/17 17:46:42 310] isr        1547 ASR_MSG_AUW,   cloud  
[2024/11/17 17:46:42 320] isr        1559 6400  2  
[2024/11/17 17:46:42 354] isr        1547 ASR_MSG_AUW,   cloud  
[2024/11/17 17:46:42 379] isr        1559 6400  2  
[2024/11/17 17:46:42 428] isr        1547 ASR_MSG_AUW,   cloud  
[2024/11/17 17:46:42 467] isr        1559 6400  2  
[2024/11/17 17:46:42 569] isr        1547 ASR_MSG_AUW,   cloud  
[2024/11/17 17:46:42 584] isr        1559 6400  2  
[2024/11/17 17:46:42 635] isr        1547 ASR_MSG_AUW,   cloud  
[2024/11/17 17:46:42 673] isr        1559 6400  2  
[2024/11/17 17:46:42 730] isr        1547 ASR_MSG_AUW,   cloud  
[2024/11/17 17:46:42 775] isr        1559 6400  2  
[2024/11/17 17:46:42 821] isr        1547 ASR_MSG_AUW,   cloud  
[2024/11/17 17:46:42 853] isr        1559 6400  2  
[2024/11/17 17:46:42 907] isr        1547 ASR_MSG_AUW,   cloud  
[2024/11/17 17:46:42 936] isr        1559 6400  2  
[2024/11/17 17:46:43 052] isr        1547 ASR_MSG_AUW,   cloud  
[2024/11/17 17:46:43 066] isr        1559 6400  2  
[2024/11/17 17:46:43 115] isr        1547 ASR_MSG_AUW,   cloud  
[2024/11/17 17:46:43 142] isr        1559 6400  2  
[2024/11/17 17:46:43 220] isr        1547 ASR_MSG_AUW,   cloud  
[2024/11/17 17:46:43 237] isr        1559 6400  2  
[2024/11/17 17:46:43 284] isr        1547 ASR_MSG_AUW,   cloud  
[2024/11/17 17:46:43 300] isr        1559 6400  2  
[2024/11/17 17:46:43 349] isr        1547 ASR_MSG_AUW,   cloud  
[2024/11/17 17:46:43 359] isr        1559 6400  2  
[2024/11/17 17:46:43 464] isr        1547 ASR_MSG_AUW,   cloud  
[2024/11/17 17:46:43 480] isr        1559 6400  2  
[2024/11/17 17:46:43 518] isr        1547 ASR_MSG_AUW,   cloud  
[2024/11/17 17:46:43 552] isr        1559 6400  2  
[2024/11/17 17:46:43 591] isr        1547 ASR_MSG_AUW,   cloud  
[2024/11/17 17:46:43 611] isr        1559 6400  2  
[2024/11/17 17:46:43 682] isr        1547 ASR_MSG_AUW,   cloud  
[2024/11/17 17:46:43 702] isr        1559 6400  2  
[2024/11/17 17:46:43 755] isr        1547 ASR_MSG_AUW,   cloud  
[2024/11/17 17:46:43 780] isr        1559 6400  2  
[2024/11/17 17:46:43 845] isr        1547 ASR_MSG_AUW,   cloud  
[2024/11/17 17:46:43 861] isr        1559 6400  2  
[2024/11/17 17:46:43 917] isr        1547 ASR_MSG_AUW,   cloud  
[2024/11/17 17:46:43 940] isr        1559 6400  2  
[2024/11/17 17:46:44 039] isr        1547 ASR_MSG_AUW,   cloud  
[2024/11/17 17:46:44 098] isr        1559 6400  2  
[2024/11/17 17:46:44 191] isr        1547 ASR_MSG_AUW,   cloud  
[2024/11/17 17:46:44 246] isr        1559 7420  2  
[2024/11/17 17:46:44 359] isr        1547 ASR_MSG_AUW,   cloud  
[2024/11/17 17:46:44 386] isr        1559 0  4  
[2024/11/17 17:46:44 425] isr        1592 aud end, USER  
[2024/11/17 17:46:46 248] isr        851  [aud] speech start  
[2024/11/17 17:46:46 302] isr        798  1  msc  
[2024/11/17 17:46:50 139] isr        854  [aud] speech end  
[2024/11/17 17:46:50 184] isr        798  3  msc  
[2024/11/17 17:46:50 801] isr        1636 ASR_MSG_GRSLT,   cloud  
[2024/11/17 17:46:50 834] isr        1335 0  nil  2  
[2024/11/17 17:46:51 096] isr        1636 ASR_MSG_GRSLT,   cloud  
[2024/11/17 17:46:51 117] isr        1335 0  nil  2  
[2024/11/17 17:46:51 283] isr        1636 ASR_MSG_GRSLT,   cloud  
[2024/11/17 17:46:51 283] isr        1335 0  nil  2  
[2024/11/17 17:46:51 426] isr        1636 ASR_MSG_GRSLT,   cloud  
[2024/11/17 17:46:51 454] isr        1335 0  nil  2  
[2024/11/17 17:46:51 632] isr        1636 ASR_MSG_GRSLT,   cloud  
[2024/11/17 17:46:51 642] isr        1335 0  nil  2  
[2024/11/17 17:46:51 905] isr        1636 ASR_MSG_GRSLT,   cloud  
[2024/11/17 17:46:51 935] isr        1335 0  nil  2  
[2024/11/17 17:46:52 142] isr        1636 ASR_MSG_GRSLT,   cloud  
[2024/11/17 17:46:52 158] isr        1335 0  nil  2  
[2024/11/17 17:46:52 358] isr        1636 ASR_MSG_GRSLT,   cloud  
[2024/11/17 17:46:52 387] isr        1335 0  nil  2  
[2024/11/17 17:46:53 164] isr        1636 ASR_MSG_GRSLT,   cloud  
[2024/11/17 17:46:53 220] isr        1335 0  nil  2  
[2024/11/17 17:46:53 429] isr        707  cloud_status_cb, start local.  
[2024/11/17 17:46:53 460] isr        1636 ASR_MSG_GRSLT,   cloud  
[2024/11/17 17:46:53 460] isr        1335 0  nil  2  
[2024/11/17 17:46:53 608] isr        1636 ASR_MSG_GRSLT,   cloud  
[2024/11/17 17:46:53 816] isr        1335 0  nil  2  
[2024/11/17 17:46:54 090] isr        1636 ASR_MSG_GRSLT,   cloud  
[2024/11/17 17:46:54 104] isr        1335 0  nil  2  
[2024/11/17 17:46:54 412] isr        1636 ASR_MSG_GRSLT,   cloud  
[2024/11/17 17:46:54 446] isr        1335 0  nil  2  
[2024/11/17 17:46:54 707] isr        1636 ASR_MSG_GRSLT,   cloud  
[2024/11/17 17:46:54 718] isr        1335 0  nil  2  
[2024/11/17 17:46:54 891] isr        1636 ASR_MSG_GRSLT,   cloud  
[2024/11/17 17:46:54 896] isr        1335 0  nil  2  
[2024/11/17 17:46:55 065] isr        1636 ASR_MSG_GRSLT,   cloud  
[2024/11/17 17:46:55 075] isr        1335 0  nil  2  
[2024/11/17 17:46:55 291] isr        1636 ASR_MSG_GRSLT,   cloud  
[2024/11/17 17:46:55 299] isr        1335 0  nil  2  
[2024/11/17 17:46:56 925] isr        1636 ASR_MSG_GRSLT,   cloud  
[2024/11/17 17:46:56 926] isr        1335 0  nil  2  
[2024/11/17 17:46:57 124] isr        1636 ASR_MSG_GRSLT,   cloud  
[2024/11/17 17:46:57 132] isr        1335 0  nil  2  
[2024/11/17 17:46:57 263] isr        1636 ASR_MSG_GRSLT,   cloud  
[2024/11/17 17:46:57 271] isr        1335 0  nil  2  
[2024/11/17 17:46:57 387] isr        700  cloud_status_cb, eps:  3  
[2024/11/17 17:46:57 392] isr        798  3  cloud  
[2024/11/17 17:46:57 400] isr        800  already speech end  
[2024/11/17 17:46:57 452] isr        1636 ASR_MSG_GRSLT,   cloud  
[2024/11/17 17:46:57 458] isr        1335 0  nil  2  
[2024/11/17 17:46:57 513] isr        662  cloud_rslt_cb status =   5  
[2024/11/17 17:46:57 518] isr        641  process_result call:  cloud  udata(bc031f18) 5  nil  
[2024/11/17 17:46:57 523] isr        798  3  msc  
[2024/11/17 17:46:57 527] isr        800  already speech end  
[2024/11/17 17:46:57 582] isr        1636 ASR_MSG_GRSLT,   cloud  
[2024/11/17 17:46:57 588] isr        1335 0  udata(bc031f18) 5  
[2024/11/17 17:46:57 731] isr        1639 ASR_MSG_SSE,   cloud  
[2024/11/17 17:46:57 734] isr        1356 session_end() [in]  
[2024/11/17 17:46:57 738] isr        1421 cloud_session_end() [in]  
[2024/11/17 17:46:57 759] isr        1488 ns_host=  open.xf-yun.com  
[2024/11/17 17:46:57 773] isr        1514 cloud_session_end() [out]  
[2024/11/17 17:46:57 840] isr        1667 isr unload!  
============================================================
Time  2024/11/17 17:49:19 881 
============================================================
[2024/11/17 17:49:19 883] isr        1659 isr loaded!  
[2024/11/17 17:49:19 902] isr        1642 SYS_MSG_REGCB param0 =   msp_status_cb  param1 =   func(5802fb80) 
[2024/11/17 17:49:19 933] isr        1537 ASR_MSG_SSB  
[2024/11/17 17:49:19 940] isr        1066 session_begin() [in], params:   sub = iat, domain = iat, language = zh_cn, accent = mandarin, sample_rate = 16000, result_type = plain, result_encoding = utf8  nil  
[2024/11/17 17:49:19 945] isr        927  vad_set [in]  
[2024/11/17 17:49:19 950] isr        962  vad_enable :  true  
[2024/11/17 17:49:19 955] isr        980  vad_bos :  10000  
[2024/11/17 17:49:19 962] isr        981  vad_eos :  2000  
[2024/11/17 17:49:19 972] isr        886  enable_vad [in]  
[2024/11/17 17:49:20 011] isr        918  vad enabled!  2000  10000  
[2024/11/17 17:49:20 019] isr        921  enable_vad [out]  
[2024/11/17 17:49:20 026] isr        987  vad_set [out] | ret =  0  
[2024/11/17 17:49:20 034] isr        1187 cur_engine_type =   cloud  
[2024/11/17 17:49:20 038] isr        1001 cloud_session_begin  
[2024/11/17 17:49:20 044] isr        1013 unknown  
[2024/11/17 17:49:20 321] isr        1547 ASR_MSG_AUW,   cloud  
[2024/11/17 17:49:20 458] isr        1559 6400  1  
[2024/11/17 17:49:20 567] isr        1569 once_bytes:   6400  
[2024/11/17 17:49:20 625] isr        1547 ASR_MSG_AUW,   cloud  
[2024/11/17 17:49:20 673] isr        1559 6400  2  
[2024/11/17 17:49:20 777] isr        1547 ASR_MSG_AUW,   cloud  
[2024/11/17 17:49:20 790] isr        1559 6400  2  
[2024/11/17 17:49:20 857] isr        1547 ASR_MSG_AUW,   cloud  
[2024/11/17 17:49:20 867] isr        1559 6400  2  
[2024/11/17 17:49:20 917] isr        1547 ASR_MSG_AUW,   cloud  
[2024/11/17 17:49:20 978] isr        1559 6400  2  
[2024/11/17 17:49:21 060] isr        1547 ASR_MSG_AUW,   cloud  
[2024/11/17 17:49:21 084] isr        1559 6400  2  
[2024/11/17 17:49:21 174] isr        1547 ASR_MSG_AUW,   cloud  
[2024/11/17 17:49:21 192] isr        1559 6400  2  
[2024/11/17 17:49:21 431] isr        1547 ASR_MSG_AUW,   cloud  
[2024/11/17 17:49:21 487] isr        1559 6400  2  
[2024/11/17 17:49:21 559] isr        1547 ASR_MSG_AUW,   cloud  
[2024/11/17 17:49:21 611] isr        1559 6400  2  
[2024/11/17 17:49:21 705] isr        1547 ASR_MSG_AUW,   cloud  
[2024/11/17 17:49:21 744] isr        1559 6400  2  
[2024/11/17 17:49:21 882] isr        1547 ASR_MSG_AUW,   cloud  
[2024/11/17 17:49:21 952] isr        1559 6400  2  
[2024/11/17 17:49:22 150] isr        1547 ASR_MSG_AUW,   cloud  
[2024/11/17 17:49:22 166] isr        1559 10284  2  
[2024/11/17 17:49:22 258] isr        1547 ASR_MSG_AUW,   cloud  
[2024/11/17 17:49:22 290] isr        1559 0  4  
[2024/11/17 17:49:22 364] isr        1592 aud end, USER  
[2024/11/17 17:49:23 323] isr        851  [aud] speech start  
[2024/11/17 17:49:23 367] isr        798  1  msc  
[2024/11/17 17:49:24 063] isr        854  [aud] speech end  
[2024/11/17 17:49:24 154] isr        798  3  msc  
[2024/11/17 17:49:24 598] isr        1636 ASR_MSG_GRSLT,   cloud  
[2024/11/17 17:49:24 767] isr        1335 0  nil  2  
[2024/11/17 17:49:25 229] isr        1636 ASR_MSG_GRSLT,   cloud  
[2024/11/17 17:49:25 300] isr        1335 0  nil  2  
[2024/11/17 17:49:25 721] isr        1636 ASR_MSG_GRSLT,   cloud  
[2024/11/17 17:49:25 784] isr        1335 0  nil  2  
[2024/11/17 17:49:26 108] isr        1636 ASR_MSG_GRSLT,   cloud  
[2024/11/17 17:49:26 162] isr        1335 0  nil  2  
[2024/11/17 17:49:26 379] isr        707  cloud_status_cb, start local.  
[2024/11/17 17:49:26 845] isr        1636 ASR_MSG_GRSLT,   cloud  
[2024/11/17 17:49:26 893] isr        1335 0  nil  2  
[2024/11/17 17:49:27 213] isr        1636 ASR_MSG_GRSLT,   cloud  
[2024/11/17 17:49:27 374] isr        1335 0  nil  2  
[2024/11/17 17:49:28 179] isr        1636 ASR_MSG_GRSLT,   cloud  
[2024/11/17 17:49:29 362] isr        1335 0  nil  2  
[2024/11/17 17:49:29 634] isr        1636 ASR_MSG_GRSLT,   cloud  
[2024/11/17 17:49:29 727] isr        1335 0  nil  2  
[2024/11/17 17:49:30 395] isr        1636 ASR_MSG_GRSLT,   cloud  
[2024/11/17 17:49:30 453] isr        1335 0  nil  2  
[2024/11/17 17:49:30 863] isr        1636 ASR_MSG_GRSLT,   cloud  
[2024/11/17 17:49:30 928] isr        1335 0  nil  2  
[2024/11/17 17:49:31 395] isr        1636 ASR_MSG_GRSLT,   cloud  
[2024/11/17 17:49:31 537] isr        1335 0  nil  2  
[2024/11/17 17:49:31 872] isr        1636 ASR_MSG_GRSLT,   cloud  
[2024/11/17 17:49:31 895] isr        1335 0  nil  2  
[2024/11/17 17:49:32 116] isr        1636 ASR_MSG_GRSLT,   cloud  
[2024/11/17 17:49:32 133] isr        1335 0  nil  2  
[2024/11/17 17:49:32 281] isr        1636 ASR_MSG_GRSLT,   cloud  
[2024/11/17 17:49:32 293] isr        1335 0  nil  2  
[2024/11/17 17:49:32 560] isr        1636 ASR_MSG_GRSLT,   cloud  
[2024/11/17 17:49:32 571] isr        1335 0  nil  2  
[2024/11/17 17:49:33 960] isr        1636 ASR_MSG_GRSLT,   cloud  
[2024/11/17 17:49:33 970] isr        1335 0  nil  2  
[2024/11/17 17:49:34 142] isr        1636 ASR_MSG_GRSLT,   cloud  
[2024/11/17 17:49:34 170] isr        1335 0  nil  2  
[2024/11/17 17:49:34 320] isr        1636 ASR_MSG_GRSLT,   cloud  
[2024/11/17 17:49:34 325] isr        1335 0  nil  2  
[2024/11/17 17:49:34 459] isr        1636 ASR_MSG_GRSLT,   cloud  
[2024/11/17 17:49:34 467] isr        1335 0  nil  2  
[2024/11/17 17:49:34 523] isr        700  cloud_status_cb, eps:  3  
[2024/11/17 17:49:34 528] isr        798  3  cloud  
[2024/11/17 17:49:34 534] isr        800  already speech end  
[2024/11/17 17:49:34 614] isr        1636 ASR_MSG_GRSLT,   cloud  
[2024/11/17 17:49:34 624] isr        1335 0  nil  2  
[2024/11/17 17:49:34 661] isr        662  cloud_rslt_cb status =   5  
[2024/11/17 17:49:34 670] isr        641  process_result call:  cloud  udata(58031f18) 5  nil  
[2024/11/17 17:49:34 672] isr        798  3  msc  
[2024/11/17 17:49:34 676] isr        800  already speech end  
[2024/11/17 17:49:34 777] isr        1636 ASR_MSG_GRSLT,   cloud  
[2024/11/17 17:49:34 780] isr        1335 0  udata(58031f18) 5  
[2024/11/17 17:49:34 922] isr        1639 ASR_MSG_SSE,   cloud  
[2024/11/17 17:49:34 924] isr        1356 session_end() [in]  
[2024/11/17 17:49:34 925] isr        1421 cloud_session_end() [in]  
[2024/11/17 17:49:34 940] isr        1488 ns_host=  open.xf-yun.com  
[2024/11/17 17:49:34 960] isr        1514 cloud_session_end() [out]  
[2024/11/17 17:49:34 989] isr        1667 isr unload!  
============================================================
Time  2024/11/17 18:45:00 252 
============================================================
[2024/11/17 18:45:00 253] isr        1659 isr loaded!  
[2024/11/17 18:45:00 273] isr        1642 SYS_MSG_REGCB param0 =   msp_status_cb  param1 =   func(4402fb80) 
[2024/11/17 18:45:00 297] isr        1537 ASR_MSG_SSB  
[2024/11/17 18:45:00 301] isr        1066 session_begin() [in], params:   sub = iat, domain = iat, language = zh_cn, accent = mandarin, sample_rate = 16000, result_type = plain, result_encoding = utf8  nil  
[2024/11/17 18:45:00 310] isr        927  vad_set [in]  
[2024/11/17 18:45:00 317] isr        962  vad_enable :  true  
[2024/11/17 18:45:00 323] isr        980  vad_bos :  10000  
[2024/11/17 18:45:00 331] isr        981  vad_eos :  2000  
[2024/11/17 18:45:00 337] isr        886  enable_vad [in]  
[2024/11/17 18:45:00 376] isr        918  vad enabled!  2000  10000  
[2024/11/17 18:45:00 380] isr        921  enable_vad [out]  
[2024/11/17 18:45:00 388] isr        987  vad_set [out] | ret =  0  
[2024/11/17 18:45:00 393] isr        1187 cur_engine_type =   cloud  
[2024/11/17 18:45:00 400] isr        1001 cloud_session_begin  
[2024/11/17 18:45:00 400] isr        1013 unknown  
[2024/11/17 18:45:00 563] isr        1547 ASR_MSG_AUW,   cloud  
[2024/11/17 18:45:00 605] isr        1559 6400  1  
[2024/11/17 18:45:00 661] isr        1569 once_bytes:   6400  
[2024/11/17 18:45:00 811] isr        1547 ASR_MSG_AUW,   cloud  
[2024/11/17 18:45:00 839] isr        1559 6400  2  
[2024/11/17 18:45:00 970] isr        1547 ASR_MSG_AUW,   cloud  
[2024/11/17 18:45:01 125] isr        1559 6400  2  
[2024/11/17 18:45:01 199] isr        1547 ASR_MSG_AUW,   cloud  
[2024/11/17 18:45:01 243] isr        1559 6400  2  
[2024/11/17 18:45:01 457] isr        1547 ASR_MSG_AUW,   cloud  
[2024/11/17 18:45:01 496] isr        1559 6400  2  
[2024/11/17 18:45:01 605] isr        851  [aud] speech start  
[2024/11/17 18:45:01 634] isr        798  1  msc  
[2024/11/17 18:45:01 876] isr        1547 ASR_MSG_AUW,   cloud  
[2024/11/17 18:45:01 912] isr        1559 6400  2  
[2024/11/17 18:45:02 052] isr        1547 ASR_MSG_AUW,   cloud  
[2024/11/17 18:45:02 083] isr        1559 6400  2  
[2024/11/17 18:45:02 204] isr        1547 ASR_MSG_AUW,   cloud  
[2024/11/17 18:45:02 250] isr        1559 6400  2  
[2024/11/17 18:45:02 351] isr        1547 ASR_MSG_AUW,   cloud  
[2024/11/17 18:45:02 379] isr        1559 6400  2  
[2024/11/17 18:45:02 455] isr        1547 ASR_MSG_AUW,   cloud  
[2024/11/17 18:45:02 496] isr        1559 6400  2  
[2024/11/17 18:45:02 614] isr        1547 ASR_MSG_AUW,   cloud  
[2024/11/17 18:45:02 636] isr        1559 6400  2  
[2024/11/17 18:45:02 774] isr        1547 ASR_MSG_AUW,   cloud  
[2024/11/17 18:45:02 785] isr        1559 10284  2  
[2024/11/17 18:45:02 874] isr        1547 ASR_MSG_AUW,   cloud  
[2024/11/17 18:45:02 949] isr        1559 0  4  
[2024/11/17 18:45:02 997] isr        1592 aud end, USER  
[2024/11/17 18:45:03 988] isr        854  [aud] speech end  
[2024/11/17 18:45:04 047] isr        798  3  msc  
[2024/11/17 18:45:04 279] isr        1636 ASR_MSG_GRSLT,   cloud  
[2024/11/17 18:45:04 360] isr        1335 0  nil  2  
[2024/11/17 18:45:04 735] isr        1636 ASR_MSG_GRSLT,   cloud  
[2024/11/17 18:45:04 826] isr        1335 0  nil  2  
[2024/11/17 18:45:05 539] isr        1636 ASR_MSG_GRSLT,   cloud  
[2024/11/17 18:45:05 724] isr        1335 0  nil  2  
[2024/11/17 18:45:06 271] isr        1636 ASR_MSG_GRSLT,   cloud  
[2024/11/17 18:45:06 316] isr        1335 0  nil  2  
[2024/11/17 18:45:06 918] isr        1636 ASR_MSG_GRSLT,   cloud  
[2024/11/17 18:45:06 953] isr        1335 0  nil  2  
[2024/11/17 18:45:07 421] isr        707  cloud_status_cb, start local.  
[2024/11/17 18:45:08 924] isr        1636 ASR_MSG_GRSLT,   cloud  
[2024/11/17 18:45:09 136] isr        1335 0  nil  2  
[2024/11/17 18:45:09 437] isr        1636 ASR_MSG_GRSLT,   cloud  
[2024/11/17 18:45:09 487] isr        1335 0  nil  2  
[2024/11/17 18:45:09 791] isr        1636 ASR_MSG_GRSLT,   cloud  
[2024/11/17 18:45:09 821] isr        1335 0  nil  2  
[2024/11/17 18:45:10 302] isr        1636 ASR_MSG_GRSLT,   cloud  
[2024/11/17 18:45:10 417] isr        1335 0  nil  2  
[2024/11/17 18:45:11 017] isr        1636 ASR_MSG_GRSLT,   cloud  
[2024/11/17 18:45:11 038] isr        1335 0  nil  2  
[2024/11/17 18:45:11 620] isr        1636 ASR_MSG_GRSLT,   cloud  
[2024/11/17 18:45:11 651] isr        1335 0  nil  2  
[2024/11/17 18:45:12 021] isr        1636 ASR_MSG_GRSLT,   cloud  
[2024/11/17 18:45:12 154] isr        1335 0  nil  2  
[2024/11/17 18:45:12 390] isr        1636 ASR_MSG_GRSLT,   cloud  
[2024/11/17 18:45:12 416] isr        1335 0  nil  2  
[2024/11/17 18:45:12 574] isr        1636 ASR_MSG_GRSLT,   cloud  
[2024/11/17 18:45:12 585] isr        1335 0  nil  2  
[2024/11/17 18:45:12 744] isr        1636 ASR_MSG_GRSLT,   cloud  
[2024/11/17 18:45:12 758] isr        1335 0  nil  2  
[2024/11/17 18:45:13 106] isr        1636 ASR_MSG_GRSLT,   cloud  
[2024/11/17 18:45:13 116] isr        1335 0  nil  2  
[2024/11/17 18:45:14 355] isr        1636 ASR_MSG_GRSLT,   cloud  
[2024/11/17 18:45:14 422] isr        1335 0  nil  2  
[2024/11/17 18:45:14 588] isr        1636 ASR_MSG_GRSLT,   cloud  
[2024/11/17 18:45:14 604] isr        1335 0  nil  2  
[2024/11/17 18:45:14 784] isr        1636 ASR_MSG_GRSLT,   cloud  
[2024/11/17 18:45:14 792] isr        1335 0  nil  2  
[2024/11/17 18:45:14 967] isr        1636 ASR_MSG_GRSLT,   cloud  
[2024/11/17 18:45:15 054] isr        1335 0  nil  2  
[2024/11/17 18:45:15 211] isr        1636 ASR_MSG_GRSLT,   cloud  
[2024/11/17 18:45:15 219] isr        1335 0  nil  2  
[2024/11/17 18:45:15 390] isr        1636 ASR_MSG_GRSLT,   cloud  
[2024/11/17 18:45:15 398] isr        1335 0  nil  2  
[2024/11/17 18:45:15 609] isr        1636 ASR_MSG_GRSLT,   cloud  
[2024/11/17 18:45:15 618] isr        1335 0  nil  2  
[2024/11/17 18:45:15 708] isr        700  cloud_status_cb, eps:  3  
[2024/11/17 18:45:15 717] isr        798  3  cloud  
[2024/11/17 18:45:15 731] isr        800  already speech end  
[2024/11/17 18:45:15 800] isr        1636 ASR_MSG_GRSLT,   cloud  
[2024/11/17 18:45:15 809] isr        1335 0  nil  2  
[2024/11/17 18:45:15 868] isr        662  cloud_rslt_cb status =   5  
[2024/11/17 18:45:15 883] isr        641  process_result call:  cloud  udata(44035068) 5  nil  
[2024/11/17 18:45:15 891] isr        798  3  msc  
[2024/11/17 18:45:15 892] isr        800  already speech end  
[2024/11/17 18:45:15 944] isr        1636 ASR_MSG_GRSLT,   cloud  
[2024/11/17 18:45:15 951] isr        1335 0  udata(44035068) 5  
[2024/11/17 18:45:16 082] isr        1639 ASR_MSG_SSE,   cloud  
[2024/11/17 18:45:16 087] isr        1356 session_end() [in]  
[2024/11/17 18:45:16 090] isr        1421 cloud_session_end() [in]  
[2024/11/17 18:45:16 115] isr        1488 ns_host=  open.xf-yun.com  
[2024/11/17 18:45:16 140] isr        1514 cloud_session_end() [out]  
[2024/11/17 18:45:16 202] isr        1667 isr unload!  
============================================================
Time  2024/11/17 18:48:23 049 
============================================================
[2024/11/17 18:48:23 050] isr        1659 isr loaded!  
[2024/11/17 18:48:23 062] isr        1642 SYS_MSG_REGCB param0 =   msp_status_cb  param1 =   func(4802fb80) 
[2024/11/17 18:48:23 089] isr        1537 ASR_MSG_SSB  
[2024/11/17 18:48:23 094] isr        1066 session_begin() [in], params:   sub = iat, domain = iat, language = zh_cn, accent = mandarin, sample_rate = 16000, result_type = plain, result_encoding = utf8  nil  
[2024/11/17 18:48:23 099] isr        927  vad_set [in]  
[2024/11/17 18:48:23 107] isr        962  vad_enable :  true  
[2024/11/17 18:48:23 112] isr        980  vad_bos :  10000  
[2024/11/17 18:48:23 115] isr        981  vad_eos :  2000  
[2024/11/17 18:48:23 119] isr        886  enable_vad [in]  
[2024/11/17 18:48:23 154] isr        918  vad enabled!  2000  10000  
[2024/11/17 18:48:23 156] isr        921  enable_vad [out]  
[2024/11/17 18:48:23 163] isr        987  vad_set [out] | ret =  0  
[2024/11/17 18:48:23 169] isr        1187 cur_engine_type =   cloud  
[2024/11/17 18:48:23 173] isr        1001 cloud_session_begin  
[2024/11/17 18:48:23 178] isr        1013 unknown  
[2024/11/17 18:48:23 434] isr        1547 ASR_MSG_AUW,   cloud  
[2024/11/17 18:48:23 537] isr        1559 6400  1  
[2024/11/17 18:48:23 620] isr        1569 once_bytes:   6400  
[2024/11/17 18:48:23 674] isr        1547 ASR_MSG_AUW,   cloud  
[2024/11/17 18:48:23 716] isr        1559 6400  2  
[2024/11/17 18:48:23 820] isr        1547 ASR_MSG_AUW,   cloud  
[2024/11/17 18:48:23 874] isr        1559 6400  2  
[2024/11/17 18:48:23 910] isr        1547 ASR_MSG_AUW,   cloud  
[2024/11/17 18:48:23 941] isr        1559 6400  2  
[2024/11/17 18:48:23 991] isr        1547 ASR_MSG_AUW,   cloud  
[2024/11/17 18:48:24 024] isr        1559 6400  2  
[2024/11/17 18:48:24 302] isr        1547 ASR_MSG_AUW,   cloud  
[2024/11/17 18:48:24 313] isr        1559 6400  2  
[2024/11/17 18:48:24 369] isr        1547 ASR_MSG_AUW,   cloud  
[2024/11/17 18:48:24 387] isr        1559 6400  2  
[2024/11/17 18:48:24 477] isr        1547 ASR_MSG_AUW,   cloud  
[2024/11/17 18:48:24 507] isr        1559 6400  2  
[2024/11/17 18:48:24 589] isr        1547 ASR_MSG_AUW,   cloud  
[2024/11/17 18:48:24 621] isr        1559 6400  2  
[2024/11/17 18:48:24 689] isr        1547 ASR_MSG_AUW,   cloud  
[2024/11/17 18:48:24 750] isr        1559 6400  2  
[2024/11/17 18:48:24 860] isr        1547 ASR_MSG_AUW,   cloud  
[2024/11/17 18:48:24 923] isr        1559 6400  2  
[2024/11/17 18:48:25 022] isr        1547 ASR_MSG_AUW,   cloud  
[2024/11/17 18:48:25 072] isr        1559 10284  2  
[2024/11/17 18:48:25 128] isr        1547 ASR_MSG_AUW,   cloud  
[2024/11/17 18:48:25 203] isr        1559 0  4  
[2024/11/17 18:48:25 230] isr        1592 aud end, USER  
[2024/11/17 18:48:26 120] isr        851  [aud] speech start  
[2024/11/17 18:48:26 148] isr        798  1  msc  
[2024/11/17 18:48:26 790] isr        854  [aud] speech end  
[2024/11/17 18:48:26 829] isr        798  3  msc  
[2024/11/17 18:48:26 945] isr        1636 ASR_MSG_GRSLT,   cloud  
[2024/11/17 18:48:26 961] isr        1335 0  nil  2  
[2024/11/17 18:48:27 219] isr        1636 ASR_MSG_GRSLT,   cloud  
[2024/11/17 18:48:27 247] isr        1335 0  nil  2  
[2024/11/17 18:48:27 566] isr        1636 ASR_MSG_GRSLT,   cloud  
[2024/11/17 18:48:27 737] isr        1335 0  nil  2  
[2024/11/17 18:48:28 197] isr        1636 ASR_MSG_GRSLT,   cloud  
[2024/11/17 18:48:28 442] isr        1335 0  nil  2  
[2024/11/17 18:48:28 707] isr        1636 ASR_MSG_GRSLT,   cloud  
[2024/11/17 18:48:28 738] isr        1335 0  nil  2  
[2024/11/17 18:48:28 995] isr        1636 ASR_MSG_GRSLT,   cloud  
[2024/11/17 18:48:29 045] isr        1335 0  nil  2  
[2024/11/17 18:48:29 632] isr        1636 ASR_MSG_GRSLT,   cloud  
[2024/11/17 18:48:29 886] isr        1335 0  nil  2  
[2024/11/17 18:48:30 154] isr        707  cloud_status_cb, start local.  
[2024/11/17 18:48:30 954] isr        1636 ASR_MSG_GRSLT,   cloud  
[2024/11/17 18:48:31 711] isr        1335 0  nil  2  
[2024/11/17 18:48:32 010] isr        1636 ASR_MSG_GRSLT,   cloud  
[2024/11/17 18:48:32 017] isr        1335 0  nil  2  
[2024/11/17 18:48:32 205] isr        1636 ASR_MSG_GRSLT,   cloud  
[2024/11/17 18:48:32 228] isr        1335 0  nil  2  
[2024/11/17 18:48:32 494] isr        1636 ASR_MSG_GRSLT,   cloud  
[2024/11/17 18:48:32 522] isr        1335 0  nil  2  
[2024/11/17 18:48:32 914] isr        1636 ASR_MSG_GRSLT,   cloud  
[2024/11/17 18:48:32 982] isr        1335 0  nil  2  
[2024/11/17 18:48:33 538] isr        1636 ASR_MSG_GRSLT,   cloud  
[2024/11/17 18:48:33 562] isr        1335 0  nil  2  
[2024/11/17 18:48:33 758] isr        1636 ASR_MSG_GRSLT,   cloud  
[2024/11/17 18:48:33 791] isr        1335 0  nil  2  
[2024/11/17 18:48:34 013] isr        1636 ASR_MSG_GRSLT,   cloud  
[2024/11/17 18:48:34 033] isr        1335 0  nil  2  
[2024/11/17 18:48:34 186] isr        1636 ASR_MSG_GRSLT,   cloud  
[2024/11/17 18:48:34 193] isr        1335 0  nil  2  
[2024/11/17 18:48:34 483] isr        1636 ASR_MSG_GRSLT,   cloud  
[2024/11/17 18:48:34 494] isr        1335 0  nil  2  
[2024/11/17 18:48:35 587] isr        1636 ASR_MSG_GRSLT,   cloud  
[2024/11/17 18:48:35 591] isr        1335 0  nil  2  
[2024/11/17 18:48:35 750] isr        1636 ASR_MSG_GRSLT,   cloud  
[2024/11/17 18:48:35 757] isr        1335 0  nil  2  
[2024/11/17 18:48:35 961] isr        1636 ASR_MSG_GRSLT,   cloud  
[2024/11/17 18:48:35 979] isr        1335 0  nil  2  
[2024/11/17 18:48:36 118] isr        1636 ASR_MSG_GRSLT,   cloud  
[2024/11/17 18:48:36 134] isr        1335 0  nil  2  
[2024/11/17 18:48:36 292] isr        1636 ASR_MSG_GRSLT,   cloud  
[2024/11/17 18:48:36 370] isr        1335 0  nil  2  
[2024/11/17 18:48:36 458] isr        700  cloud_status_cb, eps:  3  
[2024/11/17 18:48:36 470] isr        798  3  cloud  
[2024/11/17 18:48:36 478] isr        800  already speech end  
[2024/11/17 18:48:36 528] isr        1636 ASR_MSG_GRSLT,   cloud  
[2024/11/17 18:48:36 542] isr        1335 0  nil  2  
[2024/11/17 18:48:36 624] isr        662  cloud_rslt_cb status =   5  
[2024/11/17 18:48:36 633] isr        641  process_result call:  cloud  udata(48037098) 5  nil  
[2024/11/17 18:48:36 634] isr        798  3  msc  
[2024/11/17 18:48:36 637] isr        800  already speech end  
[2024/11/17 18:48:36 702] isr        1636 ASR_MSG_GRSLT,   cloud  
[2024/11/17 18:48:36 707] isr        1335 0  udata(48037098) 5  
[2024/11/17 18:48:36 898] isr        1639 ASR_MSG_SSE,   cloud  
[2024/11/17 18:48:36 902] isr        1356 session_end() [in]  
[2024/11/17 18:48:36 905] isr        1421 cloud_session_end() [in]  
[2024/11/17 18:48:36 934] isr        1488 ns_host=  open.xf-yun.com  
[2024/11/17 18:48:36 962] isr        1514 cloud_session_end() [out]  
[2024/11/17 18:48:36 993] isr        1667 isr unload!  
